[debug] [2022-12-04T21:11:47.520Z] ----------------------------------------------------------------------
[debug] [2022-12-04T21:11:47.522Z] Command:       /usr/local/bin/firebase /Users/hadiamirahmadi/.cache/firebase/tools/lib/node_modules/firebase-tools/lib/bin/firebase init
[debug] [2022-12-04T21:11:47.522Z] CLI Version:   11.16.1
[debug] [2022-12-04T21:11:47.522Z] Platform:      darwin
[debug] [2022-12-04T21:11:47.522Z] Node Version:  v16.16.0
[debug] [2022-12-04T21:11:47.523Z] Time:          Mon Dec 05 2022 00:41:47 GMT+0330 (Iran Standard Time)
[debug] [2022-12-04T21:11:47.524Z] ----------------------------------------------------------------------
[debug] 
[debug] [2022-12-04T21:11:47.537Z] > command requires scopes: ["email","openid","https://www.googleapis.com/auth/cloudplatformprojects.readonly","https://www.googleapis.com/auth/firebase","https://www.googleapis.com/auth/cloud-platform"]
[debug] [2022-12-04T21:11:47.538Z] > authorizing via signed-in user (hadii.amirahmadi@gmail.com)
[info] 
     ######## #### ########  ######## ########     ###     ######  ########
     ##        ##  ##     ## ##       ##     ##  ##   ##  ##       ##
     ######    ##  ########  ######   ########  #########  ######  ######
     ##        ##  ##    ##  ##       ##     ## ##     ##       ## ##
     ##       #### ##     ## ######## ########  ##     ##  ######  ########

You're about to initialize a Firebase project in this directory:

  /Users/hadiamirahmadi/WebstormProjects/pwa-app

[info] 
=== Project Setup
[info] 
[info] First, let's associate this project directory with a Firebase project.
[info] You can create multiple project aliases by running firebase use --add, 
[info] but for now we'll just set up a default project.
[info] 
[debug] [2022-12-04T21:12:00.979Z] >>> [apiv2][query] GET https://firebase.googleapis.com/v1beta1/projects pageSize=100
[debug] [2022-12-04T21:12:04.216Z] <<< [apiv2][status] GET https://firebase.googleapis.com/v1beta1/projects 200
[debug] [2022-12-04T21:12:04.217Z] <<< [apiv2][body] GET https://firebase.googleapis.com/v1beta1/projects [omitted]
[info] i  Using project app-sw-8fc63 (app-sw) 
[info] 
=== Hosting Setup
[info] 
[info] Your public directory is the folder (relative to your project directory) that
[info] will contain Hosting assets to be uploaded with firebase deploy. If you
[info] have a build process for your assets, use your build's output directory.
[info] 
[info] ✔  Wrote public/404.html 
[debug] [2022-12-04T21:12:17.139Z] >>> [apiv2][query] GET https://www.gstatic.com/firebasejs/releases.json [none]
[debug] [2022-12-04T21:12:23.870Z] <<< [apiv2][status] GET https://www.gstatic.com/firebasejs/releases.json 200
[debug] [2022-12-04T21:12:23.871Z] <<< [apiv2][body] GET https://www.gstatic.com/firebasejs/releases.json {"current":{"version":"9.14.0","browserURL":"https://www.gstatic.com/firebasejs/9.14.0/firebase.js","packageURL":"https://www.gstatic.com/firebasejs/9.14.0/firebase.tgz"},"live":{"version":"9.14","browserURL":"https://www.gstatic.com/firebasejs/live/9.14/firebase.js","packageURL":"https://www.gstatic.com/firebasejs/live/9.14/firebase.tgz"},"components":{"analytics":"https://www.gstatic.com/firebasejs/9.14.0/firebase-analytics.js","app":"https://www.gstatic.com/firebasejs/9.14.0/firebase-app.js","app-check":"https://www.gstatic.com/firebasejs/9.14.0/firebase-app-check.js","auth":"https://www.gstatic.com/firebasejs/9.14.0/firebase-auth.js","auth/cordova":"https://www.gstatic.com/firebasejs/9.14.0/firebase-auth/cordova.js","auth/react-native":"https://www.gstatic.com/firebasejs/9.14.0/firebase-auth/react-native.js","functions":"https://www.gstatic.com/firebasejs/9.14.0/firebase-functions.js","firestore":"https://www.gstatic.com/firebasejs/9.14.0/firebase-firestore.js","firestore/lite":"https://www.gstatic.com/firebasejs/9.14.0/firebase-firestore/lite.js","installations":"https://www.gstatic.com/firebasejs/9.14.0/firebase-installations.js","storage":"https://www.gstatic.com/firebasejs/9.14.0/firebase-storage.js","performance":"https://www.gstatic.com/firebasejs/9.14.0/firebase-performance.js","remote-config":"https://www.gstatic.com/firebasejs/9.14.0/firebase-remote-config.js","messaging":"https://www.gstatic.com/firebasejs/9.14.0/firebase-messaging.js","messaging/sw":"https://www.gstatic.com/firebasejs/9.14.0/firebase-messaging/sw.js","database":"https://www.gstatic.com/firebasejs/9.14.0/firebase-database.js","firestore.memory":"https://www.gstatic.com/firebasejs/9.14.0/firebase-firestore.memory.js"}}
[info] ✔  Wrote public/index.html 
[info] 
[info] i  Detected a .git folder at /Users/hadiamirahmadi/WebstormProjects/pwa-app 
[info] i  Authorizing with GitHub to upload your service account to a GitHub repository's secrets store. 
[info] 
[info] Visit this URL on this device to log in:
[info] https://github.com/login/oauth/authorize?client_id=89cf50f02ac6aaed3484&state=817510427&redirect_uri=http%3A%2F%2Flocalhost%3A9005&scope=read%3Auser%20repo%20public_repo
[info] 
[info] Waiting for authentication...
[debug] [2022-12-04T21:12:27.720Z] >>> [apiv2][query] POST https://github.com/login/oauth/access_token [none]
[debug] [2022-12-04T21:12:27.727Z] >>> [apiv2][body] POST https://github.com/login/oauth/access_token [stream]
[debug] [2022-12-04T21:12:42.998Z] <<< [apiv2][status] POST https://github.com/login/oauth/access_token 200
[debug] [2022-12-04T21:12:42.999Z] <<< [apiv2][body] POST https://github.com/login/oauth/access_token {"access_token":"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","token_type":"bearer","scope":"read:user,repo"}
[debug] [2022-12-04T21:12:43.014Z] >>> [apiv2][query] GET https://api.github.com/user [none]
[debug] [2022-12-04T21:12:46.457Z] <<< [apiv2][status] GET https://api.github.com/user 200
[debug] [2022-12-04T21:12:46.459Z] <<< [apiv2][body] GET https://api.github.com/user {"login":"hadi-amirahmadi","id":42723985,"node_id":"MDQ6VXNlcjQyNzIzOTg1","avatar_url":"https://avatars.githubusercontent.com/u/42723985?v=4","gravatar_id":"","url":"https://api.github.com/users/hadi-amirahmadi","html_url":"https://github.com/hadi-amirahmadi","followers_url":"https://api.github.com/users/hadi-amirahmadi/followers","following_url":"https://api.github.com/users/hadi-amirahmadi/following{/other_user}","gists_url":"https://api.github.com/users/hadi-amirahmadi/gists{/gist_id}","starred_url":"https://api.github.com/users/hadi-amirahmadi/starred{/owner}{/repo}","subscriptions_url":"https://api.github.com/users/hadi-amirahmadi/subscriptions","organizations_url":"https://api.github.com/users/hadi-amirahmadi/orgs","repos_url":"https://api.github.com/users/hadi-amirahmadi/repos","events_url":"https://api.github.com/users/hadi-amirahmadi/events{/privacy}","received_events_url":"https://api.github.com/users/hadi-amirahmadi/received_events","type":"User","site_admin":false,"name":"Hadiaa","company":null,"blog":"","location":null,"email":null,"hireable":null,"bio":null,"twitter_username":null,"public_repos":8,"public_gists":0,"followers":0,"following":1,"created_at":"2018-08-26T22:50:17Z","updated_at":"2022-11-26T12:44:17Z","private_gists":0,"total_private_repos":7,"owned_private_repos":7,"disk_usage":37578,"collaborators":0,"two_factor_authentication":false,"plan":{"name":"free","space":976562499,"collaborators":0,"private_repos":10000}}
[info] 
[info] ✔  Success! Logged into GitHub as hadi-amirahmadi 
[info] 
